[
  {
    "line": 2,
    "elements": [
      {
        "line": 3,
        "name": "",
        "description": "",
        "type": "background",
        "keyword": "Background",
        "steps": [
          {
            "result": {
              "duration": 32764900,
              "status": "passed"
            },
            "line": 4,
            "name": "Launch browser",
            "match": {
              "location": "StepDefinition.launch_browser()"
            },
            "keyword": "Given "
          }
        ]
      },
      {
        "before": [
          {
            "result": {
              "duration": 1943958500,
              "status": "passed"
            },
            "match": {
              "location": "Hooks.launch()"
            }
          }
        ],
        "line": 7,
        "name": "Login and search",
        "description": "",
        "id": "flipkartelectronics;login-and-search",
        "after": [
          {
            "result": {
              "duration": 16290143800,
              "status": "passed"
            },
            "match": {
              "location": "Hooks.closed()"
            }
          }
        ],
        "type": "scenario",
        "keyword": "Scenario",
        "steps": [
          {
            "result": {
              "duration": 23384091800,
              "status": "passed"
            },
            "line": 8,
            "name": "goto url \"https://www.flipkart.com\"",
            "match": {
              "arguments": [
                {
                  "val": "\"https://www.flipkart.com\"",
                  "offset": 9
                }
              ],
              "location": "StepDefinition.goto_url(String)"
            },
            "keyword": "Given "
          },
          {
            "result": {
              "duration": 354869300,
              "status": "passed"
            },
            "line": 9,
            "name": "enter username \"udaya\"",
            "match": {
              "arguments": [
                {
                  "val": "\"udaya\"",
                  "offset": 15
                }
              ],
              "location": "StepDefinition.enter_username(String)"
            },
            "keyword": "Then "
          },
          {
            "result": {
              "duration": 316327800,
              "status": "passed"
            },
            "line": 10,
            "name": "enter password \"1235322\"",
            "match": {
              "arguments": [
                {
                  "val": "\"1235322\"",
                  "offset": 15
                }
              ],
              "location": "StepDefinition.enter_password(String)"
            },
            "keyword": "Then "
          },
          {
            "result": {
              "duration": 244762400,
              "status": "passed"
            },
            "line": 11,
            "name": "click login button",
            "match": {
              "location": "StepDefinition.click_login_button()"
            },
            "keyword": "When "
          },
          {
            "result": {
              "duration": 1065420400,
              "status": "passed"
            },
            "line": 12,
            "name": "close the login",
            "match": {
              "location": "StepDefinition.close_the_login()"
            },
            "keyword": "But "
          },
          {
            "result": {
              "duration": 150989100,
              "status": "passed"
            },
            "line": 13,
            "name": "move to electronics section",
            "match": {
              "location": "StepDefinition.move_to_electronics_section()"
            },
            "keyword": "Then "
          },
          {
            "result": {
              "error_message": "org.openqa.selenium.json.JsonException: java.lang.reflect.InvocationTargetException\nBuild info: version: \u00273.141.59\u0027, revision: \u0027e82be7d358\u0027, time: \u00272018-11-14T08:17:03\u0027\nSystem info: host: \u0027VICKIEJAY-18\u0027, ip: \u0027192.168.1.11\u0027, os.name: \u0027Windows 11\u0027, os.arch: \u0027amd64\u0027, os.version: \u002710.0\u0027, java.version: \u002718.0.1.1\u0027\nDriver info: driver.version: RemoteWebDriver\r\n\tat org.openqa.selenium.json.JsonOutput.convertUsingMethod(JsonOutput.java:332)\r\n\tat org.openqa.selenium.json.JsonOutput.lambda$new$16(JsonOutput.java:155)\r\n\tat org.openqa.selenium.json.JsonOutput.write(JsonOutput.java:264)\r\n\tat org.openqa.selenium.json.JsonOutput.lambda$null$21(JsonOutput.java:168)\r\n\tat java.base/java.util.LinkedHashMap$LinkedValues.forEach(LinkedHashMap.java:647)\r\n\tat org.openqa.selenium.json.JsonOutput.lambda$new$22(JsonOutput.java:168)\r\n\tat org.openqa.selenium.json.JsonOutput.write(JsonOutput.java:264)\r\n\tat org.openqa.selenium.json.JsonOutput.lambda$null$23(JsonOutput.java:177)\r\n\tat com.google.common.collect.SingletonImmutableBiMap.forEach(SingletonImmutableBiMap.java:65)\r\n\tat org.openqa.selenium.json.JsonOutput.lambda$new$24(JsonOutput.java:176)\r\n\tat org.openqa.selenium.json.JsonOutput.write(JsonOutput.java:264)\r\n\tat org.openqa.selenium.json.JsonOutput.write(JsonOutput.java:255)\r\n\tat org.openqa.selenium.json.Json.toJson(Json.java:42)\r\n\tat org.openqa.selenium.remote.http.AbstractHttpCommandCodec.encode(AbstractHttpCommandCodec.java:227)\r\n\tat org.openqa.selenium.remote.http.AbstractHttpCommandCodec.encode(AbstractHttpCommandCodec.java:117)\r\n\tat org.openqa.selenium.remote.HttpCommandExecutor.execute(HttpCommandExecutor.java:152)\r\n\tat org.openqa.selenium.remote.service.DriverCommandExecutor.execute(DriverCommandExecutor.java:83)\r\n\tat org.openqa.selenium.remote.RemoteWebDriver.execute(RemoteWebDriver.java:552)\r\n\tat org.openqa.selenium.remote.RemoteWebDriver.perform(RemoteWebDriver.java:618)\r\n\tat org.openqa.selenium.interactions.Actions$BuiltAction.perform(Actions.java:639)\r\n\tat org.commons.CommonActions.movetoElement(CommonActions.java:60)\r\n\tat org.mainClass.StepDefinition.click_electronics(StepDefinition.java:74)\r\n\tat âœ½.click electronics(src/test/resources/Createexcel.feature:14)\r\n\tSuppressed: org.openqa.selenium.json.JsonException: Attempting to close incomplete json stream\nBuild info: version: \u00273.141.59\u0027, revision: \u0027e82be7d358\u0027, time: \u00272018-11-14T08:17:03\u0027\nSystem info: host: \u0027VICKIEJAY-18\u0027, ip: \u0027192.168.1.11\u0027, os.name: \u0027Windows 11\u0027, os.arch: \u0027amd64\u0027, os.version: \u002710.0\u0027, java.version: \u002718.0.1.1\u0027\nDriver info: driver.version: RemoteWebDriver\r\n\t\tat org.openqa.selenium.json.JsonOutput.close(JsonOutput.java:279)\r\n\t\tat org.openqa.selenium.json.Json.toJson(Json.java:44)\r\n\t\tat org.openqa.selenium.remote.http.AbstractHttpCommandCodec.encode(AbstractHttpCommandCodec.java:227)\r\n\t\tat org.openqa.selenium.remote.http.AbstractHttpCommandCodec.encode(AbstractHttpCommandCodec.java:117)\r\n\t\tat org.openqa.selenium.remote.HttpCommandExecutor.execute(HttpCommandExecutor.java:152)\r\n\t\tat org.openqa.selenium.remote.service.DriverCommandExecutor.execute(DriverCommandExecutor.java:83)\r\n\t\tat org.openqa.selenium.remote.RemoteWebDriver.execute(RemoteWebDriver.java:552)\r\n\t\tat org.openqa.selenium.remote.RemoteWebDriver.perform(RemoteWebDriver.java:618)\r\n\t\tat org.openqa.selenium.interactions.Actions$BuiltAction.perform(Actions.java:639)\r\n\t\tat org.commons.CommonActions.movetoElement(CommonActions.java:60)\r\n\t\tat org.mainClass.StepDefinition.click_electronics(StepDefinition.java:74)\r\n\t\tat java.base/jdk.internal.reflect.DirectMethodHandleAccessor.invoke(DirectMethodHandleAccessor.java:104)\r\n\t\tat java.base/java.lang.reflect.Method.invoke(Method.java:577)\r\n\t\tat cucumber.runtime.Utils$1.call(Utils.java:26)\r\n\t\tat cucumber.runtime.Timeout.timeout(Timeout.java:16)\r\n\t\tat cucumber.runtime.Utils.invoke(Utils.java:20)\r\n\t\tat cucumber.runtime.java.JavaStepDefinition.execute(JavaStepDefinition.java:49)\r\n\t\tat cucumber.runner.PickleStepDefinitionMatch.runStep(PickleStepDefinitionMatch.java:50)\r\n\t\tat cucumber.runner.TestStep.executeStep(TestStep.java:63)\r\n\t\tat cucumber.runner.TestStep.run(TestStep.java:49)\r\n\t\tat cucumber.runner.PickleStepTestStep.run(PickleStepTestStep.java:43)\r\n\t\tat cucumber.runner.TestCase.run(TestCase.java:44)\r\n\t\tat cucumber.runner.Runner.runPickle(Runner.java:40)\r\n\t\tat cucumber.runtime.junit.PickleRunners$NoStepDescriptions.run(PickleRunners.java:146)\r\n\t\tat cucumber.runtime.junit.FeatureRunner.runChild(FeatureRunner.java:68)\r\n\t\tat cucumber.runtime.junit.FeatureRunner.runChild(FeatureRunner.java:23)\r\n\t\tat org.junit.runners.ParentRunner$3.run(ParentRunner.java:290)\r\n\t\tat org.junit.runners.ParentRunner$1.schedule(ParentRunner.java:71)\r\n\t\tat org.junit.runners.ParentRunner.runChildren(ParentRunner.java:288)\r\n\t\tat org.junit.runners.ParentRunner.access$000(ParentRunner.java:58)\r\n\t\tat org.junit.runners.ParentRunner$2.evaluate(ParentRunner.java:268)\r\n\t\tat org.junit.runners.ParentRunner.run(ParentRunner.java:363)\r\n\t\tat cucumber.runtime.junit.FeatureRunner.run(FeatureRunner.java:73)\r\n\t\tat cucumber.api.junit.Cucumber.runChild(Cucumber.java:124)\r\n\t\tat cucumber.api.junit.Cucumber.runChild(Cucumber.java:65)\r\n\t\tat org.junit.runners.ParentRunner$3.run(ParentRunner.java:290)\r\n\t\tat org.junit.runners.ParentRunner$1.schedule(ParentRunner.java:71)\r\n\t\tat org.junit.runners.ParentRunner.runChildren(ParentRunner.java:288)\r\n\t\tat org.junit.runners.ParentRunner.access$000(ParentRunner.java:58)\r\n\t\tat org.junit.runners.ParentRunner$2.evaluate(ParentRunner.java:268)\r\n\t\tat cucumber.api.junit.Cucumber$1.evaluate(Cucumber.java:133)\r\n\t\tat org.junit.runners.ParentRunner.run(ParentRunner.java:363)\r\n\t\tat org.apache.maven.surefire.junit4.JUnit4Provider.execute(JUnit4Provider.java:365)\r\n\t\tat org.apache.maven.surefire.junit4.JUnit4Provider.executeWithRerun(JUnit4Provider.java:273)\r\n\t\tat org.apache.maven.surefire.junit4.JUnit4Provider.executeTestSet(JUnit4Provider.java:238)\r\n\t\tat org.apache.maven.surefire.junit4.JUnit4Provider.invoke(JUnit4Provider.java:159)\r\n\t\tat org.apache.maven.surefire.booter.ForkedBooter.invokeProviderInSameClassLoader(ForkedBooter.java:384)\r\n\t\tat org.apache.maven.surefire.booter.ForkedBooter.runSuitesInProcess(ForkedBooter.java:345)\r\n\t\tat org.apache.maven.surefire.booter.ForkedBooter.execute(ForkedBooter.java:126)\r\n\t\tat org.apache.maven.surefire.booter.ForkedBooter.main(ForkedBooter.java:418)\r\nCaused by: java.lang.reflect.InvocationTargetException\r\n\tat java.base/jdk.internal.reflect.DirectMethodHandleAccessor.invoke(DirectMethodHandleAccessor.java:119)\r\n\tat java.base/java.lang.reflect.Method.invoke(Method.java:577)\r\n\tat org.openqa.selenium.json.JsonOutput.convertUsingMethod(JsonOutput.java:328)\r\n\tat org.openqa.selenium.json.JsonOutput.lambda$new$16(JsonOutput.java:155)\r\n\tat org.openqa.selenium.json.JsonOutput.write(JsonOutput.java:264)\r\n\tat org.openqa.selenium.json.JsonOutput.lambda$null$21(JsonOutput.java:168)\r\n\tat java.base/java.util.LinkedHashMap$LinkedValues.forEach(LinkedHashMap.java:647)\r\n\tat org.openqa.selenium.json.JsonOutput.lambda$new$22(JsonOutput.java:168)\r\n\tat org.openqa.selenium.json.JsonOutput.write(JsonOutput.java:264)\r\n\tat org.openqa.selenium.json.JsonOutput.lambda$null$23(JsonOutput.java:177)\r\n\tat com.google.common.collect.SingletonImmutableBiMap.forEach(SingletonImmutableBiMap.java:65)\r\n\tat org.openqa.selenium.json.JsonOutput.lambda$new$24(JsonOutput.java:176)\r\n\tat org.openqa.selenium.json.JsonOutput.write(JsonOutput.java:264)\r\n\tat org.openqa.selenium.json.JsonOutput.write(JsonOutput.java:255)\r\n\tat org.openqa.selenium.json.Json.toJson(Json.java:42)\r\n\tat org.openqa.selenium.remote.http.AbstractHttpCommandCodec.encode(AbstractHttpCommandCodec.java:227)\r\n\tat org.openqa.selenium.remote.http.AbstractHttpCommandCodec.encode(AbstractHttpCommandCodec.java:117)\r\n\tat org.openqa.selenium.remote.HttpCommandExecutor.execute(HttpCommandExecutor.java:152)\r\n\tat org.openqa.selenium.remote.service.DriverCommandExecutor.execute(DriverCommandExecutor.java:83)\r\n\tat org.openqa.selenium.remote.RemoteWebDriver.execute(RemoteWebDriver.java:552)\r\n\tat org.openqa.selenium.remote.RemoteWebDriver.perform(RemoteWebDriver.java:618)\r\n\tat org.openqa.selenium.interactions.Actions$BuiltAction.perform(Actions.java:639)\r\n\tat org.commons.CommonActions.movetoElement(CommonActions.java:60)\r\n\tat org.mainClass.StepDefinition.click_electronics(StepDefinition.java:74)\r\n\tat java.base/jdk.internal.reflect.DirectMethodHandleAccessor.invoke(DirectMethodHandleAccessor.java:104)\r\n\tat java.base/java.lang.reflect.Method.invoke(Method.java:577)\r\n\tat cucumber.runtime.Utils$1.call(Utils.java:26)\r\n\tat cucumber.runtime.Timeout.timeout(Timeout.java:16)\r\n\tat cucumber.runtime.Utils.invoke(Utils.java:20)\r\n\tat cucumber.runtime.java.JavaStepDefinition.execute(JavaStepDefinition.java:49)\r\n\tat cucumber.runner.PickleStepDefinitionMatch.runStep(PickleStepDefinitionMatch.java:50)\r\n\tat cucumber.runner.TestStep.executeStep(TestStep.java:63)\r\n\tat cucumber.runner.TestStep.run(TestStep.java:49)\r\n\tat cucumber.runner.PickleStepTestStep.run(PickleStepTestStep.java:43)\r\n\tat cucumber.runner.TestCase.run(TestCase.java:44)\r\n\tat cucumber.runner.Runner.runPickle(Runner.java:40)\r\n\tat cucumber.runtime.junit.PickleRunners$NoStepDescriptions.run(PickleRunners.java:146)\r\n\tat cucumber.runtime.junit.FeatureRunner.runChild(FeatureRunner.java:68)\r\n\tat cucumber.runtime.junit.FeatureRunner.runChild(FeatureRunner.java:23)\r\n\tat org.junit.runners.ParentRunner$3.run(ParentRunner.java:290)\r\n\tat org.junit.runners.ParentRunner$1.schedule(ParentRunner.java:71)\r\n\tat org.junit.runners.ParentRunner.runChildren(ParentRunner.java:288)\r\n\tat org.junit.runners.ParentRunner.access$000(ParentRunner.java:58)\r\n\tat org.junit.runners.ParentRunner$2.evaluate(ParentRunner.java:268)\r\n\tat org.junit.runners.ParentRunner.run(ParentRunner.java:363)\r\n\tat cucumber.runtime.junit.FeatureRunner.run(FeatureRunner.java:73)\r\n\tat cucumber.api.junit.Cucumber.runChild(Cucumber.java:124)\r\n\tat cucumber.api.junit.Cucumber.runChild(Cucumber.java:65)\r\n\tat org.junit.runners.ParentRunner$3.run(ParentRunner.java:290)\r\n\tat org.junit.runners.ParentRunner$1.schedule(ParentRunner.java:71)\r\n\tat org.junit.runners.ParentRunner.runChildren(ParentRunner.java:288)\r\n\tat org.junit.runners.ParentRunner.access$000(ParentRunner.java:58)\r\n\tat org.junit.runners.ParentRunner$2.evaluate(ParentRunner.java:268)\r\n\tat cucumber.api.junit.Cucumber$1.evaluate(Cucumber.java:133)\r\n\tat org.junit.runners.ParentRunner.run(ParentRunner.java:363)\r\n\tat org.apache.maven.surefire.junit4.JUnit4Provider.execute(JUnit4Provider.java:365)\r\n\tat org.apache.maven.surefire.junit4.JUnit4Provider.executeWithRerun(JUnit4Provider.java:273)\r\n\tat org.apache.maven.surefire.junit4.JUnit4Provider.executeTestSet(JUnit4Provider.java:238)\r\n\tat org.apache.maven.surefire.junit4.JUnit4Provider.invoke(JUnit4Provider.java:159)\r\n\tat org.apache.maven.surefire.booter.ForkedBooter.invokeProviderInSameClassLoader(ForkedBooter.java:384)\r\n\tat org.apache.maven.surefire.booter.ForkedBooter.runSuitesInProcess(ForkedBooter.java:345)\r\n\tat org.apache.maven.surefire.booter.ForkedBooter.execute(ForkedBooter.java:126)\r\n\tat org.apache.maven.surefire.booter.ForkedBooter.main(ForkedBooter.java:418)\r\nCaused by: org.openqa.selenium.NoSuchElementException: no such element: Unable to locate element: {\"method\":\"xpath\",\"selector\":\"//span[text()\u003d\u0027Electronics\u0027]\"}\n  (Session info: chrome\u003d108.0.5359.99)\nFor documentation on this error, please visit: https://www.seleniumhq.org/exceptions/no_such_element.html\nBuild info: version: \u00273.141.59\u0027, revision: \u0027e82be7d358\u0027, time: \u00272018-11-14T08:17:03\u0027\nSystem info: host: \u0027VICKIEJAY-18\u0027, ip: \u0027192.168.1.11\u0027, os.name: \u0027Windows 11\u0027, os.arch: \u0027amd64\u0027, os.version: \u002710.0\u0027, java.version: \u002718.0.1.1\u0027\nDriver info: org.openqa.selenium.chrome.ChromeDriver\nCapabilities {acceptInsecureCerts: false, browserName: chrome, browserVersion: 108.0.5359.99, chrome: {chromedriverVersion: 108.0.5359.71 (1e0e3868ee06..., userDataDir: C:\\Users\\jaias\\AppData\\Loca...}, goog:chromeOptions: {debuggerAddress: localhost:49206}, javascriptEnabled: true, networkConnectionEnabled: false, pageLoadStrategy: normal, platform: WINDOWS, platformName: WINDOWS, proxy: Proxy(), setWindowRect: true, strictFileInteractability: false, timeouts: {implicit: 0, pageLoad: 300000, script: 30000}, unhandledPromptBehavior: dismiss and notify, webauthn:extension:credBlob: true, webauthn:extension:largeBlob: true, webauthn:virtualAuthenticators: true}\nSession ID: b0d625827a686f4421565b3bb18f812f\n*** Element info: {Using\u003dxpath, value\u003d//span[text()\u003d\u0027Electronics\u0027]}\r\n\tat java.base/jdk.internal.reflect.DirectConstructorHandleAccessor.newInstance(DirectConstructorHandleAccessor.java:67)\r\n\tat java.base/java.lang.reflect.Constructor.newInstanceWithCaller(Constructor.java:499)\r\n\tat java.base/java.lang.reflect.Constructor.newInstance(Constructor.java:483)\r\n\tat org.openqa.selenium.remote.http.W3CHttpResponseCodec.createException(W3CHttpResponseCodec.java:187)\r\n\tat org.openqa.selenium.remote.http.W3CHttpResponseCodec.decode(W3CHttpResponseCodec.java:122)\r\n\tat org.openqa.selenium.remote.http.W3CHttpResponseCodec.decode(W3CHttpResponseCodec.java:49)\r\n\tat org.openqa.selenium.remote.HttpCommandExecutor.execute(HttpCommandExecutor.java:158)\r\n\tat org.openqa.selenium.remote.service.DriverCommandExecutor.execute(DriverCommandExecutor.java:83)\r\n\tat org.openqa.selenium.remote.RemoteWebDriver.execute(RemoteWebDriver.java:552)\r\n\tat org.openqa.selenium.remote.RemoteWebDriver.findElement(RemoteWebDriver.java:323)\r\n\tat org.openqa.selenium.remote.RemoteWebDriver.findElementByXPath(RemoteWebDriver.java:428)\r\n\tat org.openqa.selenium.By$ByXPath.findElement(By.java:353)\r\n\tat org.openqa.selenium.remote.RemoteWebDriver.findElement(RemoteWebDriver.java:315)\r\n\tat org.openqa.selenium.support.pagefactory.DefaultElementLocator.findElement(DefaultElementLocator.java:69)\r\n\tat org.openqa.selenium.support.pagefactory.internal.LocatingElementHandler.invoke(LocatingElementHandler.java:38)\r\n\tat jdk.proxy2/jdk.proxy2.$Proxy18.getWrappedElement(Unknown Source)\r\n\tat org.openqa.selenium.interactions.PointerInput$Origin.asArg(PointerInput.java:204)\r\n\tat org.openqa.selenium.interactions.PointerInput$Move.encode(PointerInput.java:155)\r\n\tat org.openqa.selenium.interactions.Sequence.encode(Sequence.java:75)\r\n\tat org.openqa.selenium.interactions.Sequence.toJson(Sequence.java:84)\r\n\tat java.base/jdk.internal.reflect.DirectMethodHandleAccessor.invoke(DirectMethodHandleAccessor.java:104)\r\n\t... 62 more\r\n",
              "duration": 22097539000,
              "status": "failed"
            },
            "line": 14,
            "name": "click electronics",
            "match": {
              "location": "StepDefinition.click_electronics()"
            },
            "keyword": "Then "
          },
          {
            "result": {
              "duration": 6100,
              "status": "skipped"
            },
            "line": 15,
            "name": "use cursor to the one webelement",
            "match": {
              "location": "StepDefinition.use_cursor_to_the_one_webelement()"
            },
            "keyword": "And "
          },
          {
            "result": {
              "duration": 2400,
              "status": "skipped"
            },
            "line": 16,
            "name": "click the webelement",
            "match": {
              "location": "StepDefinition.click_the_webelement()"
            },
            "keyword": "When "
          },
          {
            "result": {
              "duration": 3800,
              "status": "skipped"
            },
            "line": 17,
            "name": "take text of all clicked elements",
            "match": {
              "location": "StepDefinition.take_text_of_all_clicked_elements()"
            },
            "keyword": "And "
          }
        ],
        "tags": [
          {
            "name": "@browse"
          },
          {
            "name": "@Search"
          }
        ]
      }
    ],
    "name": "FlipkartElectronics",
    "description": "",
    "id": "flipkartelectronics",
    "keyword": "Feature",

    "tags": [
      {
        "name": "@browse",
        "type": "Tag",
        "location": {
          "line": 1,
          "column": 1
        }
      }
    ]
  }
]